<?xml version="1.0" encoding="UTF-8"?>
<testsuite xmlns:xsi="http://www.w3.org/2001/XMLSchema-instance" xsi:noNamespaceSchemaLocation="https://maven.apache.org/surefire/maven-surefire-plugin/xsd/surefire-test-report.xsd" name="at.ac.tuwien.sepm.assignment.individual.rentalcars.RentalTest" time="0.334" tests="8" errors="0" skipped="0" failures="0">
  <properties>
    <property name="sun.desktop" value="windows"/>
    <property name="awt.toolkit" value="sun.awt.windows.WToolkit"/>
    <property name="java.specification.version" value="9"/>
    <property name="file.encoding.pkg" value="sun.io"/>
    <property name="javafx.runtime.version" value="9.0.4+11"/>
    <property name="sun.cpu.isalist" value="amd64"/>
    <property name="sun.jnu.encoding" value="Cp1252"/>
    <property name="java.class.path" value="C:\Users\Bego\OneDrive\Dokumente\Studium\SS2018\SEPM\Einzelbeispiel\01525770\target\test-classes;C:\Users\Bego\OneDrive\Dokumente\Studium\SS2018\SEPM\Einzelbeispiel\01525770\target\classes;C:\Users\Bego\.m2\repository\org\slf4j\slf4j-api\1.8.0-beta1\slf4j-api-1.8.0-beta1.jar;C:\Users\Bego\.m2\repository\com\sun\mail\javax.mail\1.6.0\javax.mail-1.6.0.jar;C:\Users\Bego\.m2\repository\javax\activation\activation\1.1\activation-1.1.jar;C:\Users\Bego\.m2\repository\ch\qos\logback\logback-core\1.3.0-alpha4\logback-core-1.3.0-alpha4.jar;C:\Users\Bego\.m2\repository\com\h2database\h2\1.4.196\h2-1.4.196.jar;C:\Users\Bego\.m2\repository\commons-validator\commons-validator\1.5.0\commons-validator-1.5.0.jar;C:\Users\Bego\.m2\repository\commons-beanutils\commons-beanutils\1.9.2\commons-beanutils-1.9.2.jar;C:\Users\Bego\.m2\repository\commons-digester\commons-digester\1.8.1\commons-digester-1.8.1.jar;C:\Users\Bego\.m2\repository\commons-logging\commons-logging\1.2\commons-logging-1.2.jar;C:\Users\Bego\.m2\repository\commons-collections\commons-collections\3.2.2\commons-collections-3.2.2.jar;C:\Users\Bego\.m2\repository\org\hibernate\hibernate-entitymanager\5.2.4.Final\hibernate-entitymanager-5.2.4.Final.jar;C:\Users\Bego\.m2\repository\org\jboss\logging\jboss-logging\3.3.0.Final\jboss-logging-3.3.0.Final.jar;C:\Users\Bego\.m2\repository\org\hibernate\hibernate-core\5.2.4.Final\hibernate-core-5.2.4.Final.jar;C:\Users\Bego\.m2\repository\antlr\antlr\2.7.7\antlr-2.7.7.jar;C:\Users\Bego\.m2\repository\org\jboss\jandex\2.0.0.Final\jandex-2.0.0.Final.jar;C:\Users\Bego\.m2\repository\com\fasterxml\classmate\1.3.0\classmate-1.3.0.jar;C:\Users\Bego\.m2\repository\javax\enterprise\cdi-api\1.1\cdi-api-1.1.jar;C:\Users\Bego\.m2\repository\javax\el\el-api\2.2\el-api-2.2.jar;C:\Users\Bego\.m2\repository\org\jboss\spec\javax\interceptor\jboss-interceptors-api_1.1_spec\1.0.0.Beta1\jboss-interceptors-api_1.1_spec-1.0.0.Beta1.jar;C:\Users\Bego\.m2\repository\javax\annotation\jsr250-api\1.0\jsr250-api-1.0.jar;C:\Users\Bego\.m2\repository\javax\inject\javax.inject\1\javax.inject-1.jar;C:\Users\Bego\.m2\repository\dom4j\dom4j\1.6.1\dom4j-1.6.1.jar;C:\Users\Bego\.m2\repository\org\hibernate\common\hibernate-commons-annotations\5.0.1.Final\hibernate-commons-annotations-5.0.1.Final.jar;C:\Users\Bego\.m2\repository\org\hibernate\javax\persistence\hibernate-jpa-2.1-api\1.0.0.Final\hibernate-jpa-2.1-api-1.0.0.Final.jar;C:\Users\Bego\.m2\repository\org\javassist\javassist\3.20.0-GA\javassist-3.20.0-GA.jar;C:\Users\Bego\.m2\repository\org\apache\geronimo\specs\geronimo-jta_1.1_spec\1.1.1\geronimo-jta_1.1_spec-1.1.1.jar;C:\Users\Bego\.m2\repository\uk\org\lidalia\slf4j-test\1.1.0\slf4j-test-1.1.0.jar;C:\Users\Bego\.m2\repository\uk\org\lidalia\lidalia-lang\1.0.0\lidalia-lang-1.0.0.jar;C:\Users\Bego\.m2\repository\org\apache\commons\commons-lang3\3.1\commons-lang3-3.1.jar;C:\Users\Bego\.m2\repository\com\google\guava\guava\14.0.1\guava-14.0.1.jar;C:\Users\Bego\.m2\repository\uk\org\lidalia\lidalia-slf4j-ext\1.0.0\lidalia-slf4j-ext-1.0.0.jar;C:\Users\Bego\.m2\repository\joda-time\joda-time\2.2\joda-time-2.2.jar;C:\Users\Bego\.m2\repository\junit\junit\4.12\junit-4.12.jar;C:\Users\Bego\.m2\repository\org\hamcrest\hamcrest-core\1.3\hamcrest-core-1.3.jar;"/>
    <property name="sun.awt.enableExtraMouseButtons" value="true"/>
    <property name="java.vm.vendor" value="Oracle Corporation"/>
    <property name="sun.arch.data.model" value="64"/>
    <property name="user.variant" value=""/>
    <property name="java.vendor.url" value="http://java.oracle.com/"/>
    <property name="user.timezone" value="Europe/Berlin"/>
    <property name="java.vm.specification.version" value="9"/>
    <property name="os.name" value="Windows 10"/>
    <property name="javafx.version" value="9.0.4"/>
    <property name="sun.java.launcher" value="SUN_STANDARD"/>
    <property name="user.country" value="DE"/>
    <property name="sun.boot.library.path" value="C:\Program Files\Java\jdk-9.0.4\bin"/>
    <property name="sun.java.command" value="C:\Users\Bego\AppData\Local\Temp\surefire7102481418758392512\surefirebooter14431963058162558657.jar C:\Users\Bego\AppData\Local\Temp\surefire7102481418758392512 2018-04-08T15-40-55_986-jvmRun1 surefire17956705255375651330tmp surefire_09255216194041737463tmp"/>
    <property name="jdk.debug" value="release"/>
    <property name="surefire.test.class.path" value="C:\Users\Bego\OneDrive\Dokumente\Studium\SS2018\SEPM\Einzelbeispiel\01525770\target\test-classes;C:\Users\Bego\OneDrive\Dokumente\Studium\SS2018\SEPM\Einzelbeispiel\01525770\target\classes;C:\Users\Bego\.m2\repository\org\slf4j\slf4j-api\1.8.0-beta1\slf4j-api-1.8.0-beta1.jar;C:\Users\Bego\.m2\repository\com\sun\mail\javax.mail\1.6.0\javax.mail-1.6.0.jar;C:\Users\Bego\.m2\repository\javax\activation\activation\1.1\activation-1.1.jar;C:\Users\Bego\.m2\repository\ch\qos\logback\logback-core\1.3.0-alpha4\logback-core-1.3.0-alpha4.jar;C:\Users\Bego\.m2\repository\com\h2database\h2\1.4.196\h2-1.4.196.jar;C:\Users\Bego\.m2\repository\commons-validator\commons-validator\1.5.0\commons-validator-1.5.0.jar;C:\Users\Bego\.m2\repository\commons-beanutils\commons-beanutils\1.9.2\commons-beanutils-1.9.2.jar;C:\Users\Bego\.m2\repository\commons-digester\commons-digester\1.8.1\commons-digester-1.8.1.jar;C:\Users\Bego\.m2\repository\commons-logging\commons-logging\1.2\commons-logging-1.2.jar;C:\Users\Bego\.m2\repository\commons-collections\commons-collections\3.2.2\commons-collections-3.2.2.jar;C:\Users\Bego\.m2\repository\org\hibernate\hibernate-entitymanager\5.2.4.Final\hibernate-entitymanager-5.2.4.Final.jar;C:\Users\Bego\.m2\repository\org\jboss\logging\jboss-logging\3.3.0.Final\jboss-logging-3.3.0.Final.jar;C:\Users\Bego\.m2\repository\org\hibernate\hibernate-core\5.2.4.Final\hibernate-core-5.2.4.Final.jar;C:\Users\Bego\.m2\repository\antlr\antlr\2.7.7\antlr-2.7.7.jar;C:\Users\Bego\.m2\repository\org\jboss\jandex\2.0.0.Final\jandex-2.0.0.Final.jar;C:\Users\Bego\.m2\repository\com\fasterxml\classmate\1.3.0\classmate-1.3.0.jar;C:\Users\Bego\.m2\repository\javax\enterprise\cdi-api\1.1\cdi-api-1.1.jar;C:\Users\Bego\.m2\repository\javax\el\el-api\2.2\el-api-2.2.jar;C:\Users\Bego\.m2\repository\org\jboss\spec\javax\interceptor\jboss-interceptors-api_1.1_spec\1.0.0.Beta1\jboss-interceptors-api_1.1_spec-1.0.0.Beta1.jar;C:\Users\Bego\.m2\repository\javax\annotation\jsr250-api\1.0\jsr250-api-1.0.jar;C:\Users\Bego\.m2\repository\javax\inject\javax.inject\1\javax.inject-1.jar;C:\Users\Bego\.m2\repository\dom4j\dom4j\1.6.1\dom4j-1.6.1.jar;C:\Users\Bego\.m2\repository\org\hibernate\common\hibernate-commons-annotations\5.0.1.Final\hibernate-commons-annotations-5.0.1.Final.jar;C:\Users\Bego\.m2\repository\org\hibernate\javax\persistence\hibernate-jpa-2.1-api\1.0.0.Final\hibernate-jpa-2.1-api-1.0.0.Final.jar;C:\Users\Bego\.m2\repository\org\javassist\javassist\3.20.0-GA\javassist-3.20.0-GA.jar;C:\Users\Bego\.m2\repository\org\apache\geronimo\specs\geronimo-jta_1.1_spec\1.1.1\geronimo-jta_1.1_spec-1.1.1.jar;C:\Users\Bego\.m2\repository\uk\org\lidalia\slf4j-test\1.1.0\slf4j-test-1.1.0.jar;C:\Users\Bego\.m2\repository\uk\org\lidalia\lidalia-lang\1.0.0\lidalia-lang-1.0.0.jar;C:\Users\Bego\.m2\repository\org\apache\commons\commons-lang3\3.1\commons-lang3-3.1.jar;C:\Users\Bego\.m2\repository\com\google\guava\guava\14.0.1\guava-14.0.1.jar;C:\Users\Bego\.m2\repository\uk\org\lidalia\lidalia-slf4j-ext\1.0.0\lidalia-slf4j-ext-1.0.0.jar;C:\Users\Bego\.m2\repository\joda-time\joda-time\2.2\joda-time-2.2.jar;C:\Users\Bego\.m2\repository\junit\junit\4.12\junit-4.12.jar;C:\Users\Bego\.m2\repository\org\hamcrest\hamcrest-core\1.3\hamcrest-core-1.3.jar;"/>
    <property name="sun.cpu.endian" value="little"/>
    <property name="user.home" value="C:\Users\Bego"/>
    <property name="user.language" value="de"/>
    <property name="java.specification.vendor" value="Oracle Corporation"/>
    <property name="java.home" value="C:\Program Files\Java\jdk-9.0.4"/>
    <property name="file.separator" value="\"/>
    <property name="basedir" value="C:\Users\Bego\OneDrive\Dokumente\Studium\SS2018\SEPM\Einzelbeispiel\01525770"/>
    <property name="java.vm.compressedOopsMode" value="Zero based"/>
    <property name="line.separator" value="&#10;"/>
    <property name="java.vm.specification.vendor" value="Oracle Corporation"/>
    <property name="java.specification.name" value="Java Platform API Specification"/>
    <property name="java.awt.graphicsenv" value="sun.awt.Win32GraphicsEnvironment"/>
    <property name="surefire.real.class.path" value="C:\Users\Bego\AppData\Local\Temp\surefire7102481418758392512\surefirebooter14431963058162558657.jar"/>
    <property name="user.script" value=""/>
    <property name="sun.management.compiler" value="HotSpot 64-Bit Tiered Compilers"/>
    <property name="java.runtime.version" value="9.0.4+11"/>
    <property name="user.name" value="Bego"/>
    <property name="path.separator" value=";"/>
    <property name="os.version" value="10.0"/>
    <property name="java.runtime.name" value="Java(TM) SE Runtime Environment"/>
    <property name="file.encoding" value="Cp1252"/>
    <property name="java.vm.name" value="Java HotSpot(TM) 64-Bit Server VM"/>
    <property name="localRepository" value="C:\Users\Bego\.m2\repository"/>
    <property name="java.vendor.url.bug" value="http://bugreport.java.com/bugreport/"/>
    <property name="java.io.tmpdir" value="C:\Users\Bego\AppData\Local\Temp\"/>
    <property name="java.version" value="9.0.4"/>
    <property name="user.dir" value="C:\Users\Bego\OneDrive\Dokumente\Studium\SS2018\SEPM\Einzelbeispiel\01525770"/>
    <property name="os.arch" value="amd64"/>
    <property name="java.vm.specification.name" value="Java Virtual Machine Specification"/>
    <property name="java.awt.printerjob" value="sun.awt.windows.WPrinterJob"/>
    <property name="sun.os.patch.level" value=""/>
    <property name="java.library.path" value="C:\Program Files\Java\jdk-9.0.4\bin;C:\WINDOWS\Sun\Java\bin;C:\WINDOWS\system32;C:\WINDOWS;C:\ProgramData\Oracle\Java\javapath;C:\WINDOWS\system32;C:\WINDOWS;C:\WINDOWS\System32\Wbem;C:\WINDOWS\System32\WindowsPowerShell\v1.0\;%JAVA_HOME%\bin;%M2_HOME%\bin;C:\Program Files\Git\cmd;C:\Users\Bego\AppData\Local\Microsoft\WindowsApps;;."/>
    <property name="java.vm.info" value="mixed mode"/>
    <property name="java.vendor" value="Oracle Corporation"/>
    <property name="java.vm.version" value="9.0.4+11"/>
    <property name="sun.io.unicode.encoding" value="UnicodeLittle"/>
    <property name="java.class.version" value="53.0"/>
  </properties>
  <testcase name="imageHandling" classname="at.ac.tuwien.sepm.assignment.individual.rentalcars.RentalTest" time="0.334"/>
  <testcase name="addNewOrderWithIncorrectLicenseInfo" classname="at.ac.tuwien.sepm.assignment.individual.rentalcars.RentalTest" time="0.255"/>
  <testcase name="addNewOrderWithLicenseInfoNeeded" classname="at.ac.tuwien.sepm.assignment.individual.rentalcars.RentalTest" time="0.264"/>
  <testcase name="testFinishOrderBeforeStarted" classname="at.ac.tuwien.sepm.assignment.individual.rentalcars.RentalTest" time="0.267"/>
  <testcase name="testVehicleAddWithLicenseAndMissingValues" classname="at.ac.tuwien.sepm.assignment.individual.rentalcars.RentalTest" time="0.261"/>
  <testcase name="testVehicleAddWithNoLicense" classname="at.ac.tuwien.sepm.assignment.individual.rentalcars.RentalTest" time="0.269"/>
  <testcase name="testFinishOrder" classname="at.ac.tuwien.sepm.assignment.individual.rentalcars.RentalTest" time="0.284"/>
  <testcase name="testEditVehicle" classname="at.ac.tuwien.sepm.assignment.individual.rentalcars.RentalTest" time="0.258"/>
</testsuite>